#
# There is insufficient memory for the Java Runtime Environment to continue.
# Native memory allocation (malloc) failed to allocate 1048576 bytes for AllocateHeap
# Possible reasons:
#   The system is out of physical RAM or swap space
#   The process is running with CompressedOops enabled, and the Java Heap may be blocking the growth of the native heap
# Possible solutions:
#   Reduce memory load on the system
#   Increase physical memory or swap space
#   Check if swap backing store is full
#   Decrease Java heap size (-Xmx/-Xms)
#   Decrease number of Java threads
#   Decrease Java thread stack sizes (-Xss)
#   Set larger code cache with -XX:ReservedCodeCacheSize=
#   JVM is running with Zero Based Compressed Oops mode in which the Java heap is
#     placed in the first 32GB address space. The Java Heap base address is the
#     maximum limit for the native heap growth. Please use -XX:HeapBaseMinAddress
#     to set the Java Heap base and to place the Java Heap above 32GB virtual address.
# This output file may be truncated or incomplete.
#
#  Out of Memory Error (memory/allocation.inline.hpp:61), pid=9436, tid=0x000000000000429c
#
# JRE version:  (8.0_202-b08) (build )
# Java VM: Java HotSpot(TM) 64-Bit Server VM (25.202-b08 mixed mode windows-amd64 compressed oops)
# Failed to write core dump. Minidumps are not enabled by default on client versions of Windows
#

---------------  T H R E A D  ---------------

Current thread (0x00000000027c4800):  JavaThread "Unknown thread" [_thread_in_vm, id=17052, stack(0x00000000026c0000,0x00000000027c0000)]

Stack: [0x00000000026c0000,0x00000000027c0000]
[error occurred during error reporting (printing stack bounds), id 0xc0000005]

Native frames: (J=compiled Java code, j=interpreted, Vv=VM code, C=native code)


---------------  P R O C E S S  ---------------

Java Threads: ( => current thread )

Other Threads:

=>0x00000000027c4800 (exited) JavaThread "Unknown thread" [_thread_in_vm, id=17052, stack(0x00000000026c0000,0x00000000027c0000)]

VM state:not at safepoint (normal execution)

VM Mutex/Monitor currently owned by a thread: None

heap address: 0x00000006c1600000, size: 4074 MB, Compressed Oops mode: Zero based, Oop shift amount: 3
Narrow klass base: 0x0000000000000000, Narrow klass shift: 3
Compressed class space size: 1073741824 Address: 0x00000007c0000000

Heap:
 PSYoungGen      total 76288K, used 1310K [0x000000076b200000, 0x0000000770700000, 0x00000007c0000000)
  eden space 65536K, 2% used [0x000000076b200000,0x000000076b347af0,0x000000076f200000)
  from space 10752K, 0% used [0x000000076fc80000,0x000000076fc80000,0x0000000770700000)
  to   space 10752K, 0% used [0x000000076f200000,0x000000076f200000,0x000000076fc80000)
 ParOldGen       total 175104K, used 0K [0x00000006c1600000, 0x00000006cc100000, 0x000000076b200000)
  object space 175104K, 0% used [0x00000006c1600000,0x00000006c1600000,0x00000006cc100000)
 Metaspace       used 775K, capacity 4480K, committed 4480K, reserved 1056768K
  class space    used 76K, capacity 384K, committed 384K, reserved 1048576K

Card table byte_map: [0x0000000011c80000,0x0000000012480000] byte_map_base: 0x000000000e675000

Marking Bits: (ParMarkBitMap*) 0x000000005f245ce0
 Begin Bits: [0x0000000012dd0000, 0x0000000016d78000)
 End Bits:   [0x0000000016d78000, 0x000000001ad20000)

Polling page: 0x0000000000a70000

CodeCache: size=245760Kb used=328Kb max_used=328Kb free=245431Kb
 bounds [0x00000000028c0000, 0x0000000002b30000, 0x00000000118c0000]
 total_blobs=58 nmethods=0 adapters=38
 compilation: enabled

Compilation events (0 events):
No events

GC Heap History (0 events):
No events

Deoptimization events (0 events):
No events

Classes redefined (0 events):
No events

Internal exceptions (0 events):
No events

Events (10 events):
Event: 0.062 loading class java/lang/Short
Event: 0.062 loading class java/lang/Short done
Event: 0.062 loading class java/lang/Integer
Event: 0.062 loading class java/lang/Integer done
Event: 0.062 loading class java/lang/Long
Event: 0.062 loading class java/lang/Long done
Event: 0.063 loading class java/lang/NullPointerException
Event: 0.063 loading class java/lang/NullPointerException done
Event: 0.063 loading class java/lang/ArithmeticException
Event: 0.063 loading class java/lang/ArithmeticException done


Dynamic libraries:
0x00007ff7d01a0000 - 0x00007ff7d01d7000 	C:\Program Files\Java\jdk1.8.0_202\bin\javaw.exe
0x00007ffbf0770000 - 0x00007ffbf0965000 	C:\WINDOWS\SYSTEM32\ntdll.dll
0x00007ffbefab0000 - 0x00007ffbefb6e000 	C:\WINDOWS\System32\KERNEL32.DLL
0x00007ffbee280000 - 0x00007ffbee548000 	C:\WINDOWS\System32\KERNELBASE.dll
0x00007ffbf0060000 - 0x00007ffbf010e000 	C:\WINDOWS\System32\ADVAPI32.dll
0x00007ffbef0f0000 - 0x00007ffbef18e000 	C:\WINDOWS\System32\msvcrt.dll
0x00007ffbef8f0000 - 0x00007ffbef98c000 	C:\WINDOWS\System32\sechost.dll
0x00007ffbf0190000 - 0x00007ffbf02b5000 	C:\WINDOWS\System32\RPCRT4.dll
0x00007ffbef750000 - 0x00007ffbef8f0000 	C:\WINDOWS\System32\USER32.dll
0x00007ffbee0a0000 - 0x00007ffbee0c2000 	C:\WINDOWS\System32\win32u.dll
0x00007ffbf0700000 - 0x00007ffbf072b000 	C:\WINDOWS\System32\GDI32.dll
0x00007ffbedf90000 - 0x00007ffbee09b000 	C:\WINDOWS\System32\gdi32full.dll
0x00007ffbee550000 - 0x00007ffbee5ed000 	C:\WINDOWS\System32\msvcp_win.dll
0x00007ffbede90000 - 0x00007ffbedf90000 	C:\WINDOWS\System32\ucrtbase.dll
0x00007ffbccb40000 - 0x00007ffbccdda000 	C:\WINDOWS\WinSxS\amd64_microsoft.windows.common-controls_6595b64144ccf1df_6.0.19041.1110_none_60b5254171f9507e\COMCTL32.dll
0x00007ffbef520000 - 0x00007ffbef550000 	C:\WINDOWS\System32\IMM32.DLL
0x000000005f2d0000 - 0x000000005f3a2000 	C:\Program Files\Java\jdk1.8.0_202\jre\bin\msvcr100.dll
0x000000005ea20000 - 0x000000005f2c5000 	C:\Program Files\Java\jdk1.8.0_202\jre\bin\server\jvm.dll
0x00007ffbef740000 - 0x00007ffbef748000 	C:\WINDOWS\System32\PSAPI.DLL
0x00007ffbec620000 - 0x00007ffbec629000 	C:\WINDOWS\SYSTEM32\WSOCK32.dll
0x00007ffbef6d0000 - 0x00007ffbef73b000 	C:\WINDOWS\System32\WS2_32.dll
0x00007ffbdbf40000 - 0x00007ffbdbf67000 	C:\WINDOWS\SYSTEM32\WINMM.dll
0x00007ffbdb580000 - 0x00007ffbdb58a000 	C:\WINDOWS\SYSTEM32\VERSION.dll
0x00007ffbe7e40000 - 0x00007ffbe7e4f000 	C:\Program Files\Java\jdk1.8.0_202\jre\bin\verify.dll
0x00007ffbd9520000 - 0x00007ffbd9549000 	C:\Program Files\Java\jdk1.8.0_202\jre\bin\java.dll
0x00007ffbd9560000 - 0x00007ffbd9576000 	C:\Program Files\Java\jdk1.8.0_202\jre\bin\zip.dll

VM Arguments:
jvm_args: -Dcom.sun.management.jmxremote -Dcom.sun.management.jmxremote.port=61565 -Dcom.sun.management.jmxremote.authenticate=false -Dcom.sun.management.jmxremote.ssl=false -Djava.rmi.server.hostname=localhost -Dspring.jmx.enabled=true -Dspring.application.admin.enabled=true -XX:TieredStopAtLevel=1 -Dspring.boot.project.name=batch-final -Dfile.encoding=UTF-8 
java_command: com.infybuzz.nish.BatchFinalApplication --spring.output.ansi.enabled=always
java_class_path (initial): C:\Users\devbh\Downloads\java web services mastery\newworkspace\batch-final\target\classes;C:\Users\devbh\.m2\repository\org\springframework\boot\spring-boot-starter-batch\2.6.6\spring-boot-starter-batch-2.6.6.jar;C:\Users\devbh\.m2\repository\org\springframework\boot\spring-boot-starter\2.6.6\spring-boot-starter-2.6.6.jar;C:\Users\devbh\.m2\repository\org\springframework\boot\spring-boot\2.6.6\spring-boot-2.6.6.jar;C:\Users\devbh\.m2\repository\org\springframework\boot\spring-boot-autoconfigure\2.6.6\spring-boot-autoconfigure-2.6.6.jar;C:\Users\devbh\.m2\repository\org\springframework\boot\spring-boot-starter-logging\2.6.6\spring-boot-starter-logging-2.6.6.jar;C:\Users\devbh\.m2\repository\ch\qos\logback\logback-classic\1.2.11\logback-classic-1.2.11.jar;C:\Users\devbh\.m2\repository\ch\qos\logback\logback-core\1.2.11\logback-core-1.2.11.jar;C:\Users\devbh\.m2\repository\org\apache\logging\log4j\log4j-to-slf4j\2.17.2\log4j-to-slf4j-2.17.2.jar;C:\Users\devbh\.m2\repository\org\apache\logging\log4j\log4j-api\2.17.2\log4j-api-2.17.2.jar;C:\Users\devbh\.m2\repository\org\slf4j\jul-to-slf4j\1.7.36\jul-to-slf4j-1.7.36.jar;C:\Users\devbh\.m2\repository\jakarta\annotation\jakarta.annotation-api\1.3.5\jakarta.annotation-api-1.3.5.jar;C:\Users\devbh\.m2\repository\org\yaml\snakeyaml\1.29\snakeyaml-1.29.jar;C:\Users\devbh\.m2\repository\org\springframework\boot\spring-boot-starter-jdbc\2.6.6\spring-boot-starter-jdbc-2.6.6.jar;C:\Users\devbh\.m2\repository\com\zaxxer\HikariCP\4.0.3\HikariCP-4.0.3.jar;C:\Users\devbh\.m2\repository\org\springframework\batch\spring-batch-core\4.3.5\spring-batch-core-4.3.5.jar;C:\Users\devbh\.m2\repository\com\fasterxml\jackson\core\jackson-databind\2.13.2.2\jackson-databind-2.13.2.2.jar;C:\Users\devbh\.m2\repository\com\fasterxml\jackson\core\jackson-annotations\2.13.2\jackson-annotations-2.13.2.jar;C:\Users\devbh\.m2\repository\com\fasterxml\jackson\core\jackson-core\2.13.2\jackson-core-2.13.2.jar;C:\Users\devbh\.m2\r
Launcher Type: SUN_STANDARD

Environment Variables:
CLASSPATH=C:\Users\devbh\Downloads\4jarphiles\mysql-connector-java-8.0.13.jar
PATH=C:/STS4/sts-4.13.0.RELEASE//plugins/org.eclipse.justj.openjdk.hotspot.jre.full.win32.x86_64_17.0.1.v20211116-1657/jre/bin/server;C:/STS4/sts-4.13.0.RELEASE//plugins/org.eclipse.justj.openjdk.hotspot.jre.full.win32.x86_64_17.0.1.v20211116-1657/jre/bin;C:\WINDOWS\system32;C:\WINDOWS;C:\WINDOWS\System32\Wbem;C:\WINDOWS\System32\WindowsPowerShell\v1.0\;C:\Program Files (x86)\Common Files\lenovo\easyplussdk\bin;C:\Program Files\Intel\WiFi\bin\;C:\Program Files\Common Files\Intel\WirelessCommon\;C:\WINDOWS\System32\OpenSSH\;C:\Program Files\dotnet\;C:\Program Files\Microsoft SQL Server\130\Tools\Binn\;C:\Program Files\Microsoft SQL Server\Client SDK\ODBC\170\Tools\Binn\;C:\Program Files\Microsoft SQL Server\Client SDK\ODBC\110\Tools\Binn\;C:\Program Files (x86)\Microsoft SQL Server\120\Tools\Binn\;C:\Program Files\Microsoft SQL Server\120\Tools\Binn\;C:\Program Files\Microsoft SQL Server\120\DTS\Binn\;C:\Program Files (x86)\Microsoft SQL Server\120\Tools\Binn\ManagementStudio\;C:\Program Files (x86)\Microsoft SQL Server\120\DTS\Binn\;C:\Program Files\Microsoft\Web Platform Installer\;C:\Program Files\PuTTY\;C:\Program Files\doxygen\bin;C:\Program Files\nodejs\;C:\Users\devbh\Downloads\scriptellalearning\scriptella-1.2\bin;C:\Program Files\Git\cmd;C:\Program Files\TortoiseGit\bin;C:\Java\Java\jdk-11.0.14\bin;C:\Program Files\MySQL\MySQL Shell 8.0\bin\;C:\Users\devbh\AppData\Local\Programs\Python\Python37-32\Scripts\;C:\Users\devbh\AppData\Local\Programs\Python\Python37-32\;C:\Users\devbh\.dotnet\tools;C:\Users\devbh\AppData\Local\Programs\Microsoft VS Code\bin;C:\Users\devbh\AppData\Local\Microsoft\WindowsApps;C:\Users\devbh\AppData\Roaming\npm;C:\Users\devbh\Downloads\PPHP\Newfolder;C:\Users\devbh\AppData\Local\atom\bin;;C:\STS4\sts-4.13.0.RELEASE;
USERNAME=devbhatt
OS=Windows_NT
PROCESSOR_IDENTIFIER=Intel64 Family 6 Model 78 Stepping 3, GenuineIntel



---------------  S Y S T E M  ---------------

OS: Windows 10.0 , 64 bit Build 19041 (10.0.19041.1566)

CPU:total 4 (initial active 4) (2 cores per cpu, 2 threads per core) family 6 model 78 stepping 3, cmov, cx8, fxsr, mmx, sse, sse2, sse3, ssse3, sse4.1, sse4.2, popcnt, avx, avx2, aes, clmul, erms, 3dnowpref, lzcnt, ht, tsc, tscinvbit, bmi1, bmi2, adx

Memory: 4k page, physical 16680864k(6636748k free), swap 67012512k(5772k free)

vm_info: Java HotSpot(TM) 64-Bit Server VM (25.202-b08) for windows-amd64 JRE (1.8.0_202-b08), built on Dec 15 2018 19:54:30 by "java_re" with MS VC++ 10.0 (VS2010)

time: Mon Apr 04 18:57:51 2022
timezone: Malay Peninsula Standard Time
elapsed time: 0 seconds (0d 0h 0m 0s)

